<?xml version="1.0" encoding="UTF-8"?>
<coverage generated="1705238330821" clover="3.2.0">
  <project timestamp="1705238330821" name="All files">
    <metrics statements="95" coveredstatements="90" conditionals="40" coveredconditionals="32" methods="13" coveredmethods="11" elements="148" coveredelements="133" complexity="0" loc="95" ncloc="95" packages="1" files="2" classes="2"/>
    <file name="app.ts" path="E:\technical-tests\amber-coding-challenge\server\app.ts">
      <metrics statements="12" coveredstatements="9" conditionals="2" coveredconditionals="0" methods="3" coveredmethods="1"/>
      <line num="1" count="1" type="stmt"/>
      <line num="4" count="1" type="stmt"/>
      <line num="6" count="1" type="stmt"/>
      <line num="11" count="1" type="stmt"/>
      <line num="21" count="1" type="stmt"/>
      <line num="24" count="1" type="cond" truecount="0" falsecount="1"/>
      <line num="25" count="0" type="stmt"/>
      <line num="28" count="1" type="stmt"/>
      <line num="29" count="1" type="stmt"/>
      <line num="33" count="0" type="stmt"/>
      <line num="36" count="0" type="stmt"/>
      <line num="39" count="1" type="stmt"/>
    </file>
    <file name="loadUsage.ts" path="E:\technical-tests\amber-coding-challenge\server\loadUsage.ts">
      <metrics statements="83" coveredstatements="81" conditionals="38" coveredconditionals="32" methods="10" coveredmethods="10"/>
      <line num="1" count="4" type="stmt"/>
      <line num="2" count="4" type="stmt"/>
      <line num="11" count="4" type="stmt"/>
      <line num="13" count="4" type="stmt"/>
      <line num="19" count="4" type="stmt"/>
      <line num="22" count="2" type="stmt"/>
      <line num="23" count="2" type="stmt"/>
      <line num="26" count="2" type="stmt"/>
      <line num="30" count="2" type="stmt"/>
      <line num="31" count="2" type="cond" truecount="0" falsecount="1"/>
      <line num="34" count="2" type="stmt"/>
      <line num="35" count="2" type="stmt"/>
      <line num="38" count="732" type="stmt"/>
      <line num="39" count="732" type="cond" truecount="0" falsecount="1"/>
      <line num="42" count="732" type="stmt"/>
      <line num="45" count="732" type="stmt"/>
      <line num="48" count="732" type="stmt"/>
      <line num="51" count="732" type="stmt"/>
      <line num="54" count="732" type="stmt"/>
      <line num="62" count="732" type="stmt"/>
      <line num="66" count="2" type="stmt"/>
      <line num="68" count="2" type="stmt"/>
      <line num="83" count="4" type="stmt"/>
      <line num="88" count="742" type="stmt"/>
      <line num="89" count="742" type="cond" truecount="1" falsecount="0"/>
      <line num="91" count="4" type="stmt"/>
      <line num="95" count="738" type="stmt"/>
      <line num="100" count="738" type="stmt"/>
      <line num="101" count="738" type="stmt"/>
      <line num="102" count="738" type="stmt"/>
      <line num="103" count="738" type="stmt"/>
      <line num="106" count="738" type="cond" truecount="6" falsecount="0"/>
      <line num="108" count="2" type="stmt"/>
      <line num="111" count="736" type="stmt"/>
      <line num="128" count="4" type="stmt"/>
      <line num="129" count="736" type="cond" truecount="4" falsecount="0"/>
      <line num="130" count="736" type="cond" truecount="4" falsecount="0"/>
      <line num="131" count="736" type="stmt"/>
      <line num="153" count="4" type="stmt"/>
      <line num="161" count="8" type="cond" truecount="1" falsecount="0"/>
      <line num="164" count="7" type="stmt"/>
      <line num="167" count="7" type="stmt"/>
      <line num="173" count="7" type="stmt"/>
      <line num="174" count="1104" type="stmt"/>
      <line num="180" count="1104" type="stmt"/>
      <line num="181" count="58508" type="cond" truecount="1" falsecount="0"/>
      <line num="182" count="52992" type="stmt"/>
      <line num="189" count="1104" type="stmt"/>
      <line num="201" count="4" type="stmt"/>
      <line num="202" count="1473" type="cond" truecount="1" falsecount="0"/>
      <line num="204" count="1472" type="stmt"/>
      <line num="205" count="70656" type="stmt"/>
      <line num="217" count="4" type="stmt"/>
      <line num="218" count="737" type="cond" truecount="1" falsecount="0"/>
      <line num="220" count="736" type="stmt"/>
      <line num="221" count="736" type="stmt"/>
      <line num="240" count="4" type="stmt"/>
      <line num="241" count="739" type="stmt"/>
      <line num="242" count="739" type="stmt"/>
      <line num="243" count="739" type="stmt"/>
      <line num="244" count="739" type="stmt"/>
      <line num="245" count="739" type="stmt"/>
      <line num="247" count="739" type="cond" truecount="1" falsecount="0"/>
      <line num="251" count="738" type="stmt"/>
      <line num="289" count="35386" type="stmt"/>
      <line num="290" count="35386" type="stmt"/>
      <line num="294" count="35386" type="cond" truecount="1" falsecount="0"/>
      <line num="295" count="4" type="stmt"/>
      <line num="297" count="35382" type="stmt"/>
      <line num="300" count="35382" type="cond" truecount="1" falsecount="0"/>
      <line num="302" count="16953" type="cond" truecount="0" falsecount="1"/>
      <line num="303" count="0" type="stmt"/>
      <line num="304" count="0" type="stmt"/>
      <line num="307" count="16953" type="stmt"/>
      <line num="308" count="16953" type="stmt"/>
      <line num="312" count="35382" type="stmt"/>
      <line num="315" count="35382" type="stmt"/>
      <line num="316" count="35382" type="cond" truecount="2" falsecount="0"/>
      <line num="317" count="35382" type="cond" truecount="4" falsecount="0"/>
      <line num="318" count="17691" type="cond" truecount="1" falsecount="0"/>
      <line num="319" count="4487" type="stmt"/>
      <line num="320" count="4487" type="stmt"/>
      <line num="325" count="738" type="stmt"/>
    </file>
  </project>
</coverage>
