{"E:\\technical-tests\\amber-coding-challenge\\server\\app.ts": {"path":"E:\\technical-tests\\amber-coding-challenge\\server\\app.ts","statementMap":{"0":{"start":{"line":1,"column":0},"end":{"line":1,"column":30}},"1":{"start":{"line":4,"column":0},"end":{"line":4,"column":40}},"2":{"start":{"line":6,"column":12},"end":{"line":6,"column":21}},"3":{"start":{"line":39,"column":9},"end":{"line":39,"column":12}},"4":{"start":{"line":11,"column":0},"end":{"line":30,"column":3}},"5":{"start":{"line":21,"column":45},"end":{"line":21,"column":62}},"6":{"start":{"line":24,"column":1},"end":{"line":26,"column":2}},"7":{"start":{"line":25,"column":2},"end":{"line":25,"column":60}},"8":{"start":{"line":28,"column":1},"end":{"line":28,"column":51}},"9":{"start":{"line":29,"column":1},"end":{"line":29,"column":43}},"10":{"start":{"line":33,"column":1},"end":{"line":35,"column":3}},"11":{"start":{"line":36,"column":1},"end":{"line":36,"column":63}},"12":{"start":{"line":36,"column":33},"end":{"line":36,"column":61}}},"fnMap":{"0":{"name":"(anonymous_1)","decl":{"start":{"line":11,"column":22},"end":{"line":11,"column":27}},"loc":{"start":{"line":11,"column":42},"end":{"line":30,"column":1}}},"1":{"name":"simulateSlowNetwork","decl":{"start":{"line":32,"column":9},"end":{"line":32,"column":28}},"loc":{"start":{"line":32,"column":43},"end":{"line":37,"column":1}}},"2":{"name":"(anonymous_3)","decl":{"start":{"line":36,"column":20},"end":{"line":36,"column":21}},"loc":{"start":{"line":36,"column":33},"end":{"line":36,"column":61}}}},"branchMap":{"0":{"loc":{"start":{"line":24,"column":1},"end":{"line":26,"column":2}},"type":"if","locations":[{"start":{"line":24,"column":1},"end":{"line":26,"column":2}}]},"1":{"loc":{"start":{"line":32,"column":29},"end":{"line":32,"column":43}},"type":"default-arg","locations":[{"start":{"line":32,"column":39},"end":{"line":32,"column":43}}]}},"s":{"0":1,"1":1,"2":1,"3":1,"4":1,"5":1,"6":1,"7":0,"8":1,"9":1,"10":0,"11":0,"12":0},"f":{"0":1,"1":0,"2":0},"b":{"0":[0],"1":[0]}}
,"E:\\technical-tests\\amber-coding-challenge\\server\\loadUsage.ts": {"path":"E:\\technical-tests\\amber-coding-challenge\\server\\loadUsage.ts","statementMap":{"0":{"start":{"line":1,"column":0},"end":{"line":1,"column":33}},"1":{"start":{"line":2,"column":0},"end":{"line":2,"column":42}},"2":{"start":{"line":11,"column":0},"end":{"line":11,"column":39}},"3":{"start":{"line":13,"column":24},"end":{"line":13,"column":43}},"4":{"start":{"line":22,"column":41},"end":{"line":22,"column":50}},"5":{"start":{"line":23,"column":39},"end":{"line":23,"column":48}},"6":{"start":{"line":26,"column":16},"end":{"line":26,"column":17}},"7":{"start":{"line":30,"column":57},"end":{"line":30,"column":156}},"8":{"start":{"line":31,"column":1},"end":{"line":31,"column":59}},"9":{"start":{"line":31,"column":42},"end":{"line":31,"column":59}},"10":{"start":{"line":34,"column":28},"end":{"line":34,"column":30}},"11":{"start":{"line":35,"column":1},"end":{"line":63,"column":2}},"12":{"start":{"line":38,"column":15},"end":{"line":38,"column":57}},"13":{"start":{"line":39,"column":2},"end":{"line":39,"column":38}},"14":{"start":{"line":39,"column":21},"end":{"line":39,"column":38}},"15":{"start":{"line":42,"column":2},"end":{"line":42,"column":78}},"16":{"start":{"line":45,"column":24},"end":{"line":45,"column":59}},"17":{"start":{"line":48,"column":27},"end":{"line":48,"column":70}},"18":{"start":{"line":51,"column":20},"end":{"line":51,"column":56}},"19":{"start":{"line":54,"column":2},"end":{"line":59,"column":5}},"20":{"start":{"line":62,"column":2},"end":{"line":62,"column":28}},"21":{"start":{"line":66,"column":25},"end":{"line":66,"column":47}},"22":{"start":{"line":68,"column":1},"end":{"line":74,"column":3}},"23":{"start":{"line":19,"column":0},"end":{"line":19,"column":7}},"24":{"start":{"line":88,"column":15},"end":{"line":88,"column":50}},"25":{"start":{"line":89,"column":1},"end":{"line":92,"column":2}},"26":{"start":{"line":91,"column":2},"end":{"line":91,"column":14}},"27":{"start":{"line":95,"column":43},"end":{"line":98,"column":3}},"28":{"start":{"line":100,"column":15},"end":{"line":100,"column":36}},"29":{"start":{"line":101,"column":21},"end":{"line":101,"column":29}},"30":{"start":{"line":102,"column":23},"end":{"line":102,"column":53}},"31":{"start":{"line":103,"column":22},"end":{"line":103,"column":30}},"32":{"start":{"line":106,"column":1},"end":{"line":109,"column":2}},"33":{"start":{"line":108,"column":2},"end":{"line":108,"column":14}},"34":{"start":{"line":111,"column":1},"end":{"line":111,"column":34}},"35":{"start":{"line":83,"column":0},"end":{"line":83,"column":16}},"36":{"start":{"line":129,"column":19},"end":{"line":129,"column":102}},"37":{"start":{"line":130,"column":17},"end":{"line":130,"column":94}},"38":{"start":{"line":131,"column":1},"end":{"line":131,"column":31}},"39":{"start":{"line":128,"column":0},"end":{"line":128,"column":16}},"40":{"start":{"line":161,"column":1},"end":{"line":161,"column":38}},"41":{"start":{"line":161,"column":28},"end":{"line":161,"column":38}},"42":{"start":{"line":164,"column":22},"end":{"line":164,"column":53}},"43":{"start":{"line":167,"column":21},"end":{"line":170,"column":3}},"44":{"start":{"line":173,"column":1},"end":{"line":190,"column":4}},"45":{"start":{"line":174,"column":39},"end":{"line":178,"column":4}},"46":{"start":{"line":180,"column":2},"end":{"line":187,"column":3}},"47":{"start":{"line":181,"column":3},"end":{"line":186,"column":4}},"48":{"start":{"line":182,"column":4},"end":{"line":185,"column":7}},"49":{"start":{"line":189,"column":2},"end":{"line":189,"column":20}},"50":{"start":{"line":153,"column":0},"end":{"line":153,"column":7}},"51":{"start":{"line":202,"column":1},"end":{"line":202,"column":51}},"52":{"start":{"line":202,"column":42},"end":{"line":202,"column":51}},"53":{"start":{"line":204,"column":1},"end":{"line":206,"column":7}},"54":{"start":{"line":205,"column":2},"end":{"line":205,"column":37}},"55":{"start":{"line":201,"column":0},"end":{"line":201,"column":16}},"56":{"start":{"line":218,"column":1},"end":{"line":218,"column":51}},"57":{"start":{"line":218,"column":42},"end":{"line":218,"column":51}},"58":{"start":{"line":220,"column":18},"end":{"line":220,"column":53}},"59":{"start":{"line":221,"column":1},"end":{"line":221,"column":22}},"60":{"start":{"line":217,"column":0},"end":{"line":217,"column":16}},"61":{"start":{"line":241,"column":25},"end":{"line":241,"column":26}},"62":{"start":{"line":242,"column":28},"end":{"line":242,"column":30}},"63":{"start":{"line":243,"column":27},"end":{"line":243,"column":28}},"64":{"start":{"line":244,"column":29},"end":{"line":244,"column":30}},"65":{"start":{"line":245,"column":24},"end":{"line":245,"column":33}},"66":{"start":{"line":247,"column":1},"end":{"line":247,"column":54}},"67":{"start":{"line":247,"column":42},"end":{"line":247,"column":54}},"68":{"start":{"line":251,"column":1},"end":{"line":323,"column":4}},"69":{"start":{"line":289,"column":25},"end":{"line":289,"column":54}},"70":{"start":{"line":290,"column":28},"end":{"line":290,"column":60}},"71":{"start":{"line":294,"column":2},"end":{"line":296,"column":3}},"72":{"start":{"line":295,"column":3},"end":{"line":295,"column":10}},"73":{"start":{"line":297,"column":2},"end":{"line":297,"column":31}},"74":{"start":{"line":300,"column":2},"end":{"line":309,"column":3}},"75":{"start":{"line":302,"column":3},"end":{"line":305,"column":4}},"76":{"start":{"line":303,"column":4},"end":{"line":303,"column":30}},"77":{"start":{"line":304,"column":4},"end":{"line":304,"column":63}},"78":{"start":{"line":307,"column":3},"end":{"line":307,"column":40}},"79":{"start":{"line":308,"column":3},"end":{"line":308,"column":21}},"80":{"start":{"line":312,"column":2},"end":{"line":312,"column":31}},"81":{"start":{"line":315,"column":21},"end":{"line":315,"column":54}},"82":{"start":{"line":316,"column":26},"end":{"line":316,"column":105}},"83":{"start":{"line":317,"column":2},"end":{"line":322,"column":3}},"84":{"start":{"line":318,"column":3},"end":{"line":321,"column":4}},"85":{"start":{"line":319,"column":4},"end":{"line":319,"column":30}},"86":{"start":{"line":320,"column":4},"end":{"line":320,"column":74}},"87":{"start":{"line":325,"column":1},"end":{"line":325,"column":42}},"88":{"start":{"line":240,"column":0},"end":{"line":240,"column":16}}},"fnMap":{"0":{"name":"loadUsage","decl":{"start":{"line":19,"column":22},"end":{"line":19,"column":31}},"loc":{"start":{"line":19,"column":31},"end":{"line":75,"column":1}}},"1":{"name":"convertToDateString","decl":{"start":{"line":83,"column":16},"end":{"line":83,"column":35}},"loc":{"start":{"line":83,"column":54},"end":{"line":112,"column":1}}},"2":{"name":"updateUsagePeriodDates","decl":{"start":{"line":128,"column":16},"end":{"line":128,"column":38}},"loc":{"start":{"line":128,"column":115},"end":{"line":132,"column":1}}},"3":{"name":"parseCSV","decl":{"start":{"line":153,"column":22},"end":{"line":153,"column":30}},"loc":{"start":{"line":153,"column":47},"end":{"line":191,"column":1}}},"4":{"name":"(anonymous_4)","decl":{"start":{"line":173,"column":17},"end":{"line":173,"column":20}},"loc":{"start":{"line":173,"column":23},"end":{"line":190,"column":2}}},"5":{"name":"calculateTotalKwh","decl":{"start":{"line":201,"column":16},"end":{"line":201,"column":33}},"loc":{"start":{"line":201,"column":68},"end":{"line":207,"column":1}}},"6":{"name":"(anonymous_6)","decl":{"start":{"line":204,"column":38},"end":{"line":204,"column":39}},"loc":{"start":{"line":204,"column":56},"end":{"line":206,"column":2}}},"7":{"name":"calculateAverageHourlyKwh","decl":{"start":{"line":217,"column":16},"end":{"line":217,"column":41}},"loc":{"start":{"line":217,"column":76},"end":{"line":222,"column":1}}},"8":{"name":"calculateUsagePeak","decl":{"start":{"line":240,"column":16},"end":{"line":240,"column":34}},"loc":{"start":{"line":240,"column":69},"end":{"line":326,"column":1}}},"9":{"name":"(anonymous_9)","decl":{"start":{"line":251,"column":32},"end":{"line":251,"column":33}},"loc":{"start":{"line":251,"column":50},"end":{"line":323,"column":2}}}},"branchMap":{"0":{"loc":{"start":{"line":31,"column":1},"end":{"line":31,"column":59}},"type":"if","locations":[{"start":{"line":31,"column":1},"end":{"line":31,"column":59}}]},"1":{"loc":{"start":{"line":39,"column":2},"end":{"line":39,"column":38}},"type":"if","locations":[{"start":{"line":39,"column":2},"end":{"line":39,"column":38}}]},"2":{"loc":{"start":{"line":58,"column":14},"end":{"line":58,"column":47}},"type":"cond-expr","locations":[{"start":{"line":58,"column":26},"end":{"line":58,"column":35}},{"start":{"line":58,"column":38},"end":{"line":58,"column":47}}]},"3":{"loc":{"start":{"line":69,"column":13},"end":{"line":69,"column":50}},"type":"cond-expr","locations":[{"start":{"line":69,"column":25},"end":{"line":69,"column":45}},{"start":{"line":69,"column":48},"end":{"line":69,"column":50}}]},"4":{"loc":{"start":{"line":70,"column":11},"end":{"line":70,"column":44}},"type":"cond-expr","locations":[{"start":{"line":70,"column":21},"end":{"line":70,"column":39}},{"start":{"line":70,"column":42},"end":{"line":70,"column":44}}]},"5":{"loc":{"start":{"line":89,"column":1},"end":{"line":92,"column":2}},"type":"if","locations":[{"start":{"line":89,"column":1},"end":{"line":92,"column":2}}]},"6":{"loc":{"start":{"line":106,"column":1},"end":{"line":109,"column":2}},"type":"if","locations":[{"start":{"line":106,"column":1},"end":{"line":109,"column":2}}]},"7":{"loc":{"start":{"line":106,"column":5},"end":{"line":106,"column":75}},"type":"binary-expr","locations":[{"start":{"line":106,"column":5},"end":{"line":106,"column":9}},{"start":{"line":106,"column":13},"end":{"line":106,"column":32}},{"start":{"line":106,"column":36},"end":{"line":106,"column":56}},{"start":{"line":106,"column":60},"end":{"line":106,"column":66}},{"start":{"line":106,"column":70},"end":{"line":106,"column":75}}]},"8":{"loc":{"start":{"line":129,"column":19},"end":{"line":129,"column":102}},"type":"cond-expr","locations":[{"start":{"line":129,"column":79},"end":{"line":129,"column":83}},{"start":{"line":129,"column":86},"end":{"line":129,"column":102}}]},"9":{"loc":{"start":{"line":129,"column":19},"end":{"line":129,"column":76}},"type":"binary-expr","locations":[{"start":{"line":129,"column":19},"end":{"line":129,"column":49}},{"start":{"line":129,"column":53},"end":{"line":129,"column":76}}]},"10":{"loc":{"start":{"line":130,"column":17},"end":{"line":130,"column":94}},"type":"cond-expr","locations":[{"start":{"line":130,"column":73},"end":{"line":130,"column":77}},{"start":{"line":130,"column":80},"end":{"line":130,"column":94}}]},"11":{"loc":{"start":{"line":130,"column":17},"end":{"line":130,"column":70}},"type":"binary-expr","locations":[{"start":{"line":130,"column":17},"end":{"line":130,"column":45}},{"start":{"line":130,"column":49},"end":{"line":130,"column":70}}]},"12":{"loc":{"start":{"line":161,"column":1},"end":{"line":161,"column":38}},"type":"if","locations":[{"start":{"line":161,"column":1},"end":{"line":161,"column":38}}]},"13":{"loc":{"start":{"line":181,"column":3},"end":{"line":186,"column":4}},"type":"if","locations":[{"start":{"line":181,"column":3},"end":{"line":186,"column":4}}]},"14":{"loc":{"start":{"line":202,"column":1},"end":{"line":202,"column":51}},"type":"if","locations":[{"start":{"line":202,"column":1},"end":{"line":202,"column":51}}]},"15":{"loc":{"start":{"line":218,"column":1},"end":{"line":218,"column":51}},"type":"if","locations":[{"start":{"line":218,"column":1},"end":{"line":218,"column":51}}]},"16":{"loc":{"start":{"line":247,"column":1},"end":{"line":247,"column":54}},"type":"if","locations":[{"start":{"line":247,"column":1},"end":{"line":247,"column":54}}]},"17":{"loc":{"start":{"line":294,"column":2},"end":{"line":296,"column":3}},"type":"if","locations":[{"start":{"line":294,"column":2},"end":{"line":296,"column":3}}]},"18":{"loc":{"start":{"line":300,"column":2},"end":{"line":309,"column":3}},"type":"if","locations":[{"start":{"line":300,"column":2},"end":{"line":309,"column":3}}]},"19":{"loc":{"start":{"line":302,"column":3},"end":{"line":305,"column":4}},"type":"if","locations":[{"start":{"line":302,"column":3},"end":{"line":305,"column":4}}]},"20":{"loc":{"start":{"line":316,"column":26},"end":{"line":316,"column":105}},"type":"cond-expr","locations":[{"start":{"line":316,"column":39},"end":{"line":316,"column":98}},{"start":{"line":316,"column":101},"end":{"line":316,"column":105}}]},"21":{"loc":{"start":{"line":317,"column":2},"end":{"line":322,"column":3}},"type":"if","locations":[{"start":{"line":317,"column":2},"end":{"line":322,"column":3}}]},"22":{"loc":{"start":{"line":317,"column":6},"end":{"line":317,"column":116}},"type":"binary-expr","locations":[{"start":{"line":317,"column":6},"end":{"line":317,"column":49}},{"start":{"line":317,"column":54},"end":{"line":317,"column":69}},{"start":{"line":317,"column":73},"end":{"line":317,"column":115}}]},"23":{"loc":{"start":{"line":318,"column":3},"end":{"line":321,"column":4}},"type":"if","locations":[{"start":{"line":318,"column":3},"end":{"line":321,"column":4}}]}},"s":{"0":4,"1":4,"2":4,"3":4,"4":2,"5":2,"6":2,"7":2,"8":2,"9":0,"10":2,"11":2,"12":732,"13":732,"14":0,"15":732,"16":732,"17":732,"18":732,"19":732,"20":732,"21":2,"22":2,"23":4,"24":742,"25":742,"26":4,"27":738,"28":738,"29":738,"30":738,"31":738,"32":738,"33":2,"34":736,"35":4,"36":736,"37":736,"38":736,"39":4,"40":8,"41":1,"42":7,"43":7,"44":7,"45":1104,"46":1104,"47":58508,"48":52992,"49":1104,"50":4,"51":1473,"52":1,"53":1472,"54":70656,"55":4,"56":737,"57":1,"58":736,"59":736,"60":4,"61":739,"62":739,"63":739,"64":739,"65":739,"66":739,"67":1,"68":738,"69":35386,"70":35386,"71":35386,"72":4,"73":35382,"74":35382,"75":16953,"76":0,"77":0,"78":16953,"79":16953,"80":35382,"81":35382,"82":35382,"83":35382,"84":17691,"85":4487,"86":4487,"87":738,"88":4},"f":{"0":2,"1":742,"2":736,"3":8,"4":1104,"5":1473,"6":70656,"7":737,"8":739,"9":35386},"b":{"0":[0],"1":[0],"2":[732,0],"3":[2,0],"4":[2,0],"5":[4],"6":[2],"7":[738,738,738,737,736],"8":[4,732],"9":[736,733],"10":[734,2],"11":[736,733],"12":[1],"13":[52992],"14":[1],"15":[1],"16":[1],"17":[4],"18":[16953],"19":[0],"20":[34644,738],"21":[17691],"22":[35382,34644,34644],"23":[4487]}}
}
