TN:
SF:server\app.ts
FN:11,(anonymous_1)
FN:32,simulateSlowNetwork
FN:36,(anonymous_3)
FNF:3
FNH:1
FNDA:1,(anonymous_1)
FNDA:0,simulateSlowNetwork
FNDA:0,(anonymous_3)
DA:1,1
DA:4,1
DA:6,1
DA:11,1
DA:21,1
DA:24,1
DA:25,0
DA:28,1
DA:29,1
DA:33,0
DA:36,0
DA:39,1
LF:12
LH:9
BRDA:24,0,0,0
BRDA:32,1,0,0
BRF:2
BRH:0
end_of_record
TN:
SF:server\loadUsage.ts
FN:19,loadUsage
FN:83,convertToDateString
FN:128,updateUsagePeriodDates
FN:153,parseCSV
FN:173,(anonymous_4)
FN:201,calculateTotalKwh
FN:204,(anonymous_6)
FN:217,calculateAverageHourlyKwh
FN:240,calculateUsagePeak
FN:251,(anonymous_9)
FNF:10
FNH:10
FNDA:2,loadUsage
FNDA:742,convertToDateString
FNDA:736,updateUsagePeriodDates
FNDA:8,parseCSV
FNDA:1104,(anonymous_4)
FNDA:1473,calculateTotalKwh
FNDA:70656,(anonymous_6)
FNDA:737,calculateAverageHourlyKwh
FNDA:739,calculateUsagePeak
FNDA:35386,(anonymous_9)
DA:1,4
DA:2,4
DA:11,4
DA:13,4
DA:19,4
DA:22,2
DA:23,2
DA:26,2
DA:30,2
DA:31,2
DA:34,2
DA:35,2
DA:38,732
DA:39,732
DA:42,732
DA:45,732
DA:48,732
DA:51,732
DA:54,732
DA:62,732
DA:66,2
DA:68,2
DA:83,4
DA:88,742
DA:89,742
DA:91,4
DA:95,738
DA:100,738
DA:101,738
DA:102,738
DA:103,738
DA:106,738
DA:108,2
DA:111,736
DA:128,4
DA:129,736
DA:130,736
DA:131,736
DA:153,4
DA:161,8
DA:164,7
DA:167,7
DA:173,7
DA:174,1104
DA:180,1104
DA:181,58508
DA:182,52992
DA:189,1104
DA:201,4
DA:202,1473
DA:204,1472
DA:205,70656
DA:217,4
DA:218,737
DA:220,736
DA:221,736
DA:240,4
DA:241,739
DA:242,739
DA:243,739
DA:244,739
DA:245,739
DA:247,739
DA:251,738
DA:289,35386
DA:290,35386
DA:294,35386
DA:295,4
DA:297,35382
DA:300,35382
DA:302,16953
DA:303,0
DA:304,0
DA:307,16953
DA:308,16953
DA:312,35382
DA:315,35382
DA:316,35382
DA:317,35382
DA:318,17691
DA:319,4487
DA:320,4487
DA:325,738
LF:83
LH:81
BRDA:31,0,0,0
BRDA:39,1,0,0
BRDA:58,2,0,732
BRDA:58,2,1,0
BRDA:69,3,0,2
BRDA:69,3,1,0
BRDA:70,4,0,2
BRDA:70,4,1,0
BRDA:89,5,0,4
BRDA:106,6,0,2
BRDA:106,7,0,738
BRDA:106,7,1,738
BRDA:106,7,2,738
BRDA:106,7,3,737
BRDA:106,7,4,736
BRDA:129,8,0,4
BRDA:129,8,1,732
BRDA:129,9,0,736
BRDA:129,9,1,733
BRDA:130,10,0,734
BRDA:130,10,1,2
BRDA:130,11,0,736
BRDA:130,11,1,733
BRDA:161,12,0,1
BRDA:181,13,0,52992
BRDA:202,14,0,1
BRDA:218,15,0,1
BRDA:247,16,0,1
BRDA:294,17,0,4
BRDA:300,18,0,16953
BRDA:302,19,0,0
BRDA:316,20,0,34644
BRDA:316,20,1,738
BRDA:317,21,0,17691
BRDA:317,22,0,35382
BRDA:317,22,1,34644
BRDA:317,22,2,34644
BRDA:318,23,0,4487
BRF:38
BRH:32
end_of_record
